#
# There is insufficient memory for the Java Runtime Environment to continue.
# Native memory allocation (malloc) failed to allocate 715849728 bytes for committing reserved memory.
# Possible reasons:
#   The system is out of physical RAM or swap space
#   In 32 bit mode, the process size limit was hit
# Possible solutions:
#   Reduce memory load on the system
#   Increase physical memory or swap space
#   Check if swap backing store is full
#   Use 64 bit Java on a 64 bit OS
#   Decrease Java heap size (-Xmx/-Xms)
#   Decrease number of Java threads
#   Decrease Java thread stack sizes (-Xss)
#   Set larger code cache with -XX:ReservedCodeCacheSize=
# This output file may be truncated or incomplete.
#
#  Out of Memory Error (os_linux.cpp:2798), pid=17444, tid=140339495601920
#
# JRE version:  (7.0_65-b32) (build )
# Java VM: OpenJDK 64-Bit Server VM (24.65-b04 mixed mode linux-amd64 compressed oops)
# Derivative: IcedTea 2.5.2
# Distribution: Ubuntu 14.04 LTS, package 7u65-2.5.2-3~14.04
# Failed to write core dump. Core dumps have been disabled. To enable core dumping, try "ulimit -c unlimited" before starting Java again
#

---------------  T H R E A D  ---------------

Current thread (0x00007fa34c00a000):  JavaThread "Unknown thread" [_thread_in_vm, id=17445, stack(0x00007fa355b88000,0x00007fa355c89000)]

Stack: [0x00007fa355b88000,0x00007fa355c89000],  sp=0x00007fa355c87390,  free space=1020k
Native frames: (J=compiled Java code, j=interpreted, Vv=VM code, C=native code)
V  [libjvm.so+0x9486a5]  VMError::report_and_die()+0x175
V  [libjvm.so+0x48b904]  report_vm_out_of_memory(char const*, int, unsigned long, char const*)+0x74
V  [libjvm.so+0x7c76ab]  os::pd_commit_memory(char*, unsigned long, unsigned long, bool)+0xeb
V  [libjvm.so+0x7c216f]  os::commit_memory(char*, unsigned long, unsigned long, bool)+0x1f
V  [libjvm.so+0x945594]  VirtualSpace::expand_by(unsigned long, bool)+0x1c4
V  [libjvm.so+0x5623cb]  CardGeneration::CardGeneration(ReservedSpace, unsigned long, int, GenRemSet*)+0x11b
V  [libjvm.so+0x8f5233]  TenuredGeneration::TenuredGeneration(ReservedSpace, unsigned long, int, GenRemSet*)+0x83
V  [libjvm.so+0x562ec9]  GenerationSpec::init(ReservedSpace, int, GenRemSet*)+0x139
V  [libjvm.so+0x5550d2]  GenCollectedHeap::initialize()+0x312
V  [libjvm.so+0x91a297]  Universe::initialize_heap()+0xc7
V  [libjvm.so+0x91a5c7]  universe_init()+0x67
V  [libjvm.so+0x59cf25]  init_globals()+0x55
V  [libjvm.so+0x8fcf5f]  Threads::create_vm(JavaVMInitArgs*, bool*)+0x35f
V  [libjvm.so+0x608284]  JNI_CreateJavaVM+0x54
C  [libjli.so+0x2b48]


---------------  P R O C E S S  ---------------

Java Threads: ( => current thread )

Other Threads:

=>0x00007fa34c00a000 (exited) JavaThread "Unknown thread" [_thread_in_vm, id=17445, stack(0x00007fa355b88000,0x00007fa355c89000)]

VM state:not at safepoint (not fully initialized)

VM Mutex/Monitor currently owned by a thread: None

GC Heap History (0 events):
No events

Deoptimization events (0 events):
No events

Internal exceptions (0 events):
No events

Events (0 events):
No events


Dynamic libraries:
00400000-00401000 r-xp 00000000 fc:01 1711050                            /usr/lib/jvm/java-7-openjdk-amd64/jre/bin/java
00600000-00601000 r--p 00000000 fc:01 1711050                            /usr/lib/jvm/java-7-openjdk-amd64/jre/bin/java
00601000-00602000 rw-p 00001000 fc:01 1711050                            /usr/lib/jvm/java-7-openjdk-amd64/jre/bin/java
00a39000-00a5a000 rw-p 00000000 00:00 0                                  [heap]
b0000000-c5550000 rw-p 00000000 00:00 0 
f0000000-100000000 rw-p 00000000 00:00 0 
7fa344000000-7fa344270000 rwxp 00000000 00:00 0 
7fa344270000-7fa34c024000 rw-p 00000000 00:00 0 
7fa34c024000-7fa350000000 ---p 00000000 00:00 0 
7fa3521e7000-7fa3523f3000 rw-p 00000000 00:00 0 
7fa3523f3000-7fa3525c8000 rw-p 00000000 00:00 0 
7fa3525c8000-7fa3525d3000 rw-p 00000000 00:00 0 
7fa3525d3000-7fa3527c9000 rw-p 00000000 00:00 0 
7fa3527c9000-7fa3527d1000 r-xp 00000000 fc:01 1710982                    /usr/lib/jvm/java-7-openjdk-amd64/jre/lib/amd64/libzip.so
7fa3527d1000-7fa3529d0000 ---p 00008000 fc:01 1710982                    /usr/lib/jvm/java-7-openjdk-amd64/jre/lib/amd64/libzip.so
7fa3529d0000-7fa3529d1000 r--p 00007000 fc:01 1710982                    /usr/lib/jvm/java-7-openjdk-amd64/jre/lib/amd64/libzip.so
7fa3529d1000-7fa3529d2000 rw-p 00008000 fc:01 1710982                    /usr/lib/jvm/java-7-openjdk-amd64/jre/lib/amd64/libzip.so
7fa3529d2000-7fa3529dd000 r-xp 00000000 fc:01 139024                     /lib/x86_64-linux-gnu/libnss_files-2.19.so
7fa3529dd000-7fa352bdc000 ---p 0000b000 fc:01 139024                     /lib/x86_64-linux-gnu/libnss_files-2.19.so
7fa352bdc000-7fa352bdd000 r--p 0000a000 fc:01 139024                     /lib/x86_64-linux-gnu/libnss_files-2.19.so
7fa352bdd000-7fa352bde000 rw-p 0000b000 fc:01 139024                     /lib/x86_64-linux-gnu/libnss_files-2.19.so
7fa352bde000-7fa352be9000 r-xp 00000000 fc:01 139025                     /lib/x86_64-linux-gnu/libnss_nis-2.19.so
7fa352be9000-7fa352de8000 ---p 0000b000 fc:01 139025                     /lib/x86_64-linux-gnu/libnss_nis-2.19.so
7fa352de8000-7fa352de9000 r--p 0000a000 fc:01 139025                     /lib/x86_64-linux-gnu/libnss_nis-2.19.so
7fa352de9000-7fa352dea000 rw-p 0000b000 fc:01 139025                     /lib/x86_64-linux-gnu/libnss_nis-2.19.so
7fa352dea000-7fa352e01000 r-xp 00000000 fc:01 132082                     /lib/x86_64-linux-gnu/libnsl-2.19.so
7fa352e01000-7fa353000000 ---p 00017000 fc:01 132082                     /lib/x86_64-linux-gnu/libnsl-2.19.so
7fa353000000-7fa353001000 r--p 00016000 fc:01 132082                     /lib/x86_64-linux-gnu/libnsl-2.19.so
7fa353001000-7fa353002000 rw-p 00017000 fc:01 132082                     /lib/x86_64-linux-gnu/libnsl-2.19.so
7fa353002000-7fa353004000 rw-p 00000000 00:00 0 
7fa353004000-7fa35300d000 r-xp 00000000 fc:01 132074                     /lib/x86_64-linux-gnu/libnss_compat-2.19.so
7fa35300d000-7fa35320c000 ---p 00009000 fc:01 132074                     /lib/x86_64-linux-gnu/libnss_compat-2.19.so
7fa35320c000-7fa35320d000 r--p 00008000 fc:01 132074                     /lib/x86_64-linux-gnu/libnss_compat-2.19.so
7fa35320d000-7fa35320e000 rw-p 00009000 fc:01 132074                     /lib/x86_64-linux-gnu/libnss_compat-2.19.so
7fa35320e000-7fa353239000 r-xp 00000000 fc:01 1710981                    /usr/lib/jvm/java-7-openjdk-amd64/jre/lib/amd64/libjava.so
7fa353239000-7fa353439000 ---p 0002b000 fc:01 1710981                    /usr/lib/jvm/java-7-openjdk-amd64/jre/lib/amd64/libjava.so
7fa353439000-7fa35343a000 r--p 0002b000 fc:01 1710981                    /usr/lib/jvm/java-7-openjdk-amd64/jre/lib/amd64/libjava.so
7fa35343a000-7fa35343c000 rw-p 0002c000 fc:01 1710981                    /usr/lib/jvm/java-7-openjdk-amd64/jre/lib/amd64/libjava.so
7fa35343c000-7fa35344c000 r-xp 00000000 fc:01 1711007                    /usr/lib/jvm/java-7-openjdk-amd64/jre/lib/amd64/libverify.so
7fa35344c000-7fa35364b000 ---p 00010000 fc:01 1711007                    /usr/lib/jvm/java-7-openjdk-amd64/jre/lib/amd64/libverify.so
7fa35364b000-7fa35364d000 r--p 0000f000 fc:01 1711007                    /usr/lib/jvm/java-7-openjdk-amd64/jre/lib/amd64/libverify.so
7fa35364d000-7fa35364e000 rw-p 00011000 fc:01 1711007                    /usr/lib/jvm/java-7-openjdk-amd64/jre/lib/amd64/libverify.so
7fa35364e000-7fa353655000 r-xp 00000000 fc:01 139013                     /lib/x86_64-linux-gnu/librt-2.19.so
7fa353655000-7fa353854000 ---p 00007000 fc:01 139013                     /lib/x86_64-linux-gnu/librt-2.19.so
7fa353854000-7fa353855000 r--p 00006000 fc:01 139013                     /lib/x86_64-linux-gnu/librt-2.19.so
7fa353855000-7fa353856000 rw-p 00007000 fc:01 139013                     /lib/x86_64-linux-gnu/librt-2.19.so
7fa353856000-7fa35386c000 r-xp 00000000 fc:01 135143                     /lib/x86_64-linux-gnu/libgcc_s.so.1
7fa35386c000-7fa353a6b000 ---p 00016000 fc:01 135143                     /lib/x86_64-linux-gnu/libgcc_s.so.1
7fa353a6b000-7fa353a6c000 rw-p 00015000 fc:01 135143                     /lib/x86_64-linux-gnu/libgcc_s.so.1
7fa353a6c000-7fa353b71000 r-xp 00000000 fc:01 139020                     /lib/x86_64-linux-gnu/libm-2.19.so
7fa353b71000-7fa353d70000 ---p 00105000 fc:01 139020                     /lib/x86_64-linux-gnu/libm-2.19.so
7fa353d70000-7fa353d71000 r--p 00104000 fc:01 139020                     /lib/x86_64-linux-gnu/libm-2.19.so
7fa353d71000-7fa353d72000 rw-p 00105000 fc:01 139020                     /lib/x86_64-linux-gnu/libm-2.19.so
7fa353d72000-7fa353e58000 r-xp 00000000 fc:01 1714405                    /usr/lib/x86_64-linux-gnu/libstdc++.so.6.0.19
7fa353e58000-7fa354057000 ---p 000e6000 fc:01 1714405                    /usr/lib/x86_64-linux-gnu/libstdc++.so.6.0.19
7fa354057000-7fa35405f000 r--p 000e5000 fc:01 1714405                    /usr/lib/x86_64-linux-gnu/libstdc++.so.6.0.19
7fa35405f000-7fa354061000 rw-p 000ed000 fc:01 1714405                    /usr/lib/x86_64-linux-gnu/libstdc++.so.6.0.19
7fa354061000-7fa354076000 rw-p 00000000 00:00 0 
7fa354076000-7fa354b8c000 r-xp 00000000 fc:01 1710997                    /usr/lib/jvm/java-7-openjdk-amd64/jre/lib/amd64/server/libjvm.so
7fa354b8c000-7fa354d8b000 ---p 00b16000 fc:01 1710997                    /usr/lib/jvm/java-7-openjdk-amd64/jre/lib/amd64/server/libjvm.so
7fa354d8b000-7fa354e25000 r--p 00b15000 fc:01 1710997                    /usr/lib/jvm/java-7-openjdk-amd64/jre/lib/amd64/server/libjvm.so
7fa354e25000-7fa354e48000 rw-p 00baf000 fc:01 1710997                    /usr/lib/jvm/java-7-openjdk-amd64/jre/lib/amd64/server/libjvm.so
7fa354e48000-7fa354e76000 rw-p 00000000 00:00 0 
7fa354e76000-7fa354e8e000 r-xp 00000000 fc:01 135404                     /lib/x86_64-linux-gnu/libz.so.1.2.8
7fa354e8e000-7fa35508d000 ---p 00018000 fc:01 135404                     /lib/x86_64-linux-gnu/libz.so.1.2.8
7fa35508d000-7fa35508e000 r--p 00017000 fc:01 135404                     /lib/x86_64-linux-gnu/libz.so.1.2.8
7fa35508e000-7fa35508f000 rw-p 00018000 fc:01 135404                     /lib/x86_64-linux-gnu/libz.so.1.2.8
7fa35508f000-7fa3550a8000 r-xp 00000000 fc:01 139030                     /lib/x86_64-linux-gnu/libpthread-2.19.so
7fa3550a8000-7fa3552a7000 ---p 00019000 fc:01 139030                     /lib/x86_64-linux-gnu/libpthread-2.19.so
7fa3552a7000-7fa3552a8000 r--p 00018000 fc:01 139030                     /lib/x86_64-linux-gnu/libpthread-2.19.so
7fa3552a8000-7fa3552a9000 rw-p 00019000 fc:01 139030                     /lib/x86_64-linux-gnu/libpthread-2.19.so
7fa3552a9000-7fa3552ad000 rw-p 00000000 00:00 0 
7fa3552ad000-7fa3552b0000 r-xp 00000000 fc:01 139029                     /lib/x86_64-linux-gnu/libdl-2.19.so
7fa3552b0000-7fa3554af000 ---p 00003000 fc:01 139029                     /lib/x86_64-linux-gnu/libdl-2.19.so
7fa3554af000-7fa3554b0000 r--p 00002000 fc:01 139029                     /lib/x86_64-linux-gnu/libdl-2.19.so
7fa3554b0000-7fa3554b1000 rw-p 00003000 fc:01 139029                     /lib/x86_64-linux-gnu/libdl-2.19.so
7fa3554b1000-7fa35566c000 r-xp 00000000 fc:01 139017                     /lib/x86_64-linux-gnu/libc-2.19.so
7fa35566c000-7fa35586c000 ---p 001bb000 fc:01 139017                     /lib/x86_64-linux-gnu/libc-2.19.so
7fa35586c000-7fa355870000 r--p 001bb000 fc:01 139017                     /lib/x86_64-linux-gnu/libc-2.19.so
7fa355870000-7fa355872000 rw-p 001bf000 fc:01 139017                     /lib/x86_64-linux-gnu/libc-2.19.so
7fa355872000-7fa355877000 rw-p 00000000 00:00 0 
7fa355877000-7fa355884000 r-xp 00000000 fc:01 1711010                    /usr/lib/jvm/java-7-openjdk-amd64/jre/lib/amd64/jli/libjli.so
7fa355884000-7fa355a83000 ---p 0000d000 fc:01 1711010                    /usr/lib/jvm/java-7-openjdk-amd64/jre/lib/amd64/jli/libjli.so
7fa355a83000-7fa355a84000 r--p 0000c000 fc:01 1711010                    /usr/lib/jvm/java-7-openjdk-amd64/jre/lib/amd64/jli/libjli.so
7fa355a84000-7fa355a85000 rw-p 0000d000 fc:01 1711010                    /usr/lib/jvm/java-7-openjdk-amd64/jre/lib/amd64/jli/libjli.so
7fa355a85000-7fa355aa8000 r-xp 00000000 fc:01 139018                     /lib/x86_64-linux-gnu/ld-2.19.so
7fa355aaf000-7fa355b88000 rw-p 00000000 00:00 0 
7fa355b88000-7fa355b8b000 ---p 00000000 00:00 0 
7fa355b8b000-7fa355c8e000 rw-p 00000000 00:00 0                          [stack:17445]
7fa355c99000-7fa355c9b000 rw-p 00000000 00:00 0 
7fa355c9b000-7fa355ca3000 rw-s 00000000 fc:01 1572883                    /tmp/hsperfdata_user/17444
7fa355ca3000-7fa355ca4000 rw-p 00000000 00:00 0 
7fa355ca4000-7fa355ca5000 r--p 00000000 00:00 0 
7fa355ca5000-7fa355ca7000 rw-p 00000000 00:00 0 
7fa355ca7000-7fa355ca8000 r--p 00022000 fc:01 139018                     /lib/x86_64-linux-gnu/ld-2.19.so
7fa355ca8000-7fa355ca9000 rw-p 00023000 fc:01 139018                     /lib/x86_64-linux-gnu/ld-2.19.so
7fa355ca9000-7fa355caa000 rw-p 00000000 00:00 0 
7fff9de8c000-7fff9dead000 rw-p 00000000 00:00 0                          [stack]
7fff9ded6000-7fff9ded8000 r-xp 00000000 00:00 0                          [vdso]
ffffffffff600000-ffffffffff601000 r-xp 00000000 00:00 0                  [vsyscall]

VM Arguments:
jvm_args: -Xms1024m -Xmx1024m -XX:ReservedCodeCacheSize=128m -XX:MaxPermSize=256m 
java_command: /home/user/coding/environments/sbt/bin/sbt-launch.jar ~test
Launcher Type: SUN_STANDARD

Environment Variables:
PATH=/usr/local/sbin:/usr/local/bin:/usr/sbin:/usr/bin:/sbin:/bin:/usr/games:/rsr/local/games:/home/user/coding/environments/scala/bin:/home/user/coding/environments/sbt/bin:/home/user/coding/environments/play-framework/activator/:/home/user/coding/environments/play-framework/play-2.2.1
SHELL=/bin/bash
DISPLAY=:0

Signal Handlers:
SIGSEGV: [libjvm.so+0x949180], sa_mask[0]=0x7ffbfeff, sa_flags=0x10000004
SIGBUS: [libjvm.so+0x949180], sa_mask[0]=0x7ffbfeff, sa_flags=0x10000004
SIGFPE: [libjvm.so+0x7c2ec0], sa_mask[0]=0x7ffbfeff, sa_flags=0x10000004
SIGPIPE: [libjvm.so+0x7c2ec0], sa_mask[0]=0x7ffbfeff, sa_flags=0x10000004
SIGXFSZ: [libjvm.so+0x7c2ec0], sa_mask[0]=0x7ffbfeff, sa_flags=0x10000004
SIGILL: [libjvm.so+0x7c2ec0], sa_mask[0]=0x7ffbfeff, sa_flags=0x10000004
SIGUSR1: SIG_DFL, sa_mask[0]=0x00000000, sa_flags=0x00000000
SIGUSR2: [libjvm.so+0x7c2d60], sa_mask[0]=0x00000000, sa_flags=0x10000004
SIGHUP: SIG_DFL, sa_mask[0]=0x00000000, sa_flags=0x00000000
SIGINT: SIG_DFL, sa_mask[0]=0x00000000, sa_flags=0x00000000
SIGTERM: SIG_DFL, sa_mask[0]=0x00000000, sa_flags=0x00000000
SIGQUIT: SIG_DFL, sa_mask[0]=0x00000000, sa_flags=0x00000000
SIGTRAP: SIG_DFL, sa_mask[0]=0x00000000, sa_flags=0x00000000


---------------  S Y S T E M  ---------------

OS:Ubuntu 14.04 (trusty)
uname:Linux 3.13.0-37-generic #64-Ubuntu SMP Mon Sep 22 21:28:38 UTC 2014 x86_64
libc:glibc 2.19 NPTL 2.19 
rlimit: STACK 8192k, CORE 0k, NPROC 15770, NOFILE 4096, AS infinity
load average:0.21 0.16 0.10

/proc/meminfo:
MemTotal:        2050036 kB
MemFree:          522788 kB
Buffers:           16748 kB
Cached:           214700 kB
SwapCached:            0 kB
Active:          1223204 kB
Inactive:         197536 kB
Active(anon):    1190212 kB
Inactive(anon):    14024 kB
Active(file):      32992 kB
Inactive(file):   183512 kB
Unevictable:          32 kB
Mlocked:              32 kB
SwapTotal:             0 kB
SwapFree:              0 kB
Dirty:               340 kB
Writeback:             0 kB
AnonPages:       1189400 kB
Mapped:            57452 kB
Shmem:             14868 kB
Slab:              37916 kB
SReclaimable:      15248 kB
SUnreclaim:        22668 kB
KernelStack:        3344 kB
PageTables:        27536 kB
NFS_Unstable:          0 kB
Bounce:                0 kB
WritebackTmp:          0 kB
CommitLimit:     1025016 kB
Committed_AS:    3877260 kB
VmallocTotal:   34359738367 kB
VmallocUsed:       28744 kB
VmallocChunk:   34359703324 kB
HardwareCorrupted:     0 kB
AnonHugePages:    583680 kB
HugePages_Total:       0
HugePages_Free:        0
HugePages_Rsvd:        0
HugePages_Surp:        0
Hugepagesize:       2048 kB
DirectMap4k:       53184 kB
DirectMap2M:     2043904 kB


CPU:total 1 (1 cores per cpu, 1 threads per core) family 6 model 58 stepping 9, cmov, cx8, fxsr, mmx, sse, sse2, sse3, ssse3, tsc

/proc/cpuinfo:
processor	: 0
vendor_id	: GenuineIntel
cpu family	: 6
model		: 58
model name	: Intel(R) Core(TM) i5-3570K CPU @ 3.40GHz
stepping	: 9
microcode	: 0x19
cpu MHz		: 3383.322
cache size	: 6144 KB
physical id	: 0
siblings	: 1
core id		: 0
cpu cores	: 1
apicid		: 0
initial apicid	: 0
fpu		: yes
fpu_exception	: yes
cpuid level	: 5
wp		: yes
flags		: fpu vme de pse tsc msr pae mce cx8 apic sep mtrr pge mca cmov pat pse36 clflush mmx fxsr sse sse2 syscall nx rdtscp lm constant_tsc rep_good nopl pni monitor ssse3 lahf_lm
bogomips	: 6766.64
clflush size	: 64
cache_alignment	: 64
address sizes	: 36 bits physical, 48 bits virtual
power management:



Memory: 4k page, physical 2050036k(522788k free), swap 0k(0k free)

vm_info: OpenJDK 64-Bit Server VM (24.65-b04) for linux-amd64 JRE (1.7.0_65-b32), built on Sep 10 2014 05:56:05 by "buildd" with gcc 4.8.2

time: Fri Oct 24 05:12:37 2014
elapsed time: 0 seconds

